Determining if the function issetugid exists failed with the following output:
Change Dir: /home/daniele/tesla/tesla-static-analysis/CMakeFiles/CMakeTmp

Run Build Command:"/usr/bin/make" "cmTC_26312/fast"
/usr/bin/make -f CMakeFiles/cmTC_26312.dir/build.make CMakeFiles/cmTC_26312.dir/build
make[1]: Entering directory '/home/daniele/tesla/tesla-static-analysis/CMakeFiles/CMakeTmp'
Building C object CMakeFiles/cmTC_26312.dir/CheckFunctionExists.c.o
/usr/bin/newclang    -Wall -Wstrict-prototypes -std=c99 -DCHECK_FUNCTION_EXISTS=issetugid   -o CMakeFiles/cmTC_26312.dir/CheckFunctionExists.c.o   -c /usr/share/cmake-3.5/Modules/CheckFunctionExists.c
/usr/share/cmake-3.5/Modules/CheckFunctionExists.c:6:27: warning: this function declaration is not a prototype [-Wstrict-prototypes]
char CHECK_FUNCTION_EXISTS();
                          ^
                           void
1 warning generated.
Linking C executable cmTC_26312
/usr/bin/cmake -E cmake_link_script CMakeFiles/cmTC_26312.dir/link.txt --verbose=1
/usr/bin/newclang   -Wall -Wstrict-prototypes -std=c99 -DCHECK_FUNCTION_EXISTS=issetugid    CMakeFiles/cmTC_26312.dir/CheckFunctionExists.c.o  -o cmTC_26312 -rdynamic 
CMakeFiles/cmTC_26312.dir/CheckFunctionExists.c.o: In function `main':
CheckFunctionExists.c:(.text+0x19): undefined reference to `issetugid'
clang-6.0: error: linker command failed with exit code 1 (use -v to see invocation)
CMakeFiles/cmTC_26312.dir/build.make:97: recipe for target 'cmTC_26312' failed
make[1]: *** [cmTC_26312] Error 1
make[1]: Leaving directory '/home/daniele/tesla/tesla-static-analysis/CMakeFiles/CMakeTmp'
Makefile:126: recipe for target 'cmTC_26312/fast' failed
make: *** [cmTC_26312/fast] Error 2


Determining if the pthread_create exist failed with the following output:
Change Dir: /home/daniele/tesla/tesla-static-analysis/CMakeFiles/CMakeTmp

Run Build Command:"/usr/bin/make" "cmTC_1c549/fast"
/usr/bin/make -f CMakeFiles/cmTC_1c549.dir/build.make CMakeFiles/cmTC_1c549.dir/build
make[1]: Entering directory '/home/daniele/tesla/tesla-static-analysis/CMakeFiles/CMakeTmp'
Building C object CMakeFiles/cmTC_1c549.dir/CheckSymbolExists.c.o
/usr/bin/newclang    -Wall -Wstrict-prototypes -std=c99 -Wmissing-prototypes -Wpointer-arith -Wreturn-type -Wcast-qual -Wwrite-strings -Wswitch -Wshadow -Wunused-parameter -Wcast-align -Wchar-subscripts -Winline -Wnested-externs -Wredundant-decls -Wold-style-definition -fPIC    -o CMakeFiles/cmTC_1c549.dir/CheckSymbolExists.c.o   -c /home/daniele/tesla/tesla-static-analysis/CMakeFiles/CMakeTmp/CheckSymbolExists.c
Linking C executable cmTC_1c549
/usr/bin/cmake -E cmake_link_script CMakeFiles/cmTC_1c549.dir/link.txt --verbose=1
/usr/bin/newclang   -Wall -Wstrict-prototypes -std=c99 -Wmissing-prototypes -Wpointer-arith -Wreturn-type -Wcast-qual -Wwrite-strings -Wswitch -Wshadow -Wunused-parameter -Wcast-align -Wchar-subscripts -Winline -Wnested-externs -Wredundant-decls -Wold-style-definition -fPIC     CMakeFiles/cmTC_1c549.dir/CheckSymbolExists.c.o  -o cmTC_1c549 -rdynamic 
CMakeFiles/cmTC_1c549.dir/CheckSymbolExists.c.o: In function `main':
CheckSymbolExists.c:(.text+0x7): undefined reference to `pthread_create'
clang-6.0: error: linker command failed with exit code 1 (use -v to see invocation)
CMakeFiles/cmTC_1c549.dir/build.make:97: recipe for target 'cmTC_1c549' failed
make[1]: *** [cmTC_1c549] Error 1
make[1]: Leaving directory '/home/daniele/tesla/tesla-static-analysis/CMakeFiles/CMakeTmp'
Makefile:126: recipe for target 'cmTC_1c549/fast' failed
make: *** [cmTC_1c549/fast] Error 2

File /home/daniele/tesla/tesla-static-analysis/CMakeFiles/CMakeTmp/CheckSymbolExists.c:
/* */
#include <pthread.h>

int main(int argc, char** argv)
{
  (void)argv;
#ifndef pthread_create
  return ((int*)(&pthread_create))[argc];
#else
  (void)argc;
  return 0;
#endif
}

Determining if the function pthread_create exists in the pthreads failed with the following output:
Change Dir: /home/daniele/tesla/tesla-static-analysis/CMakeFiles/CMakeTmp

Run Build Command:"/usr/bin/make" "cmTC_a8843/fast"
/usr/bin/make -f CMakeFiles/cmTC_a8843.dir/build.make CMakeFiles/cmTC_a8843.dir/build
make[1]: Entering directory '/home/daniele/tesla/tesla-static-analysis/CMakeFiles/CMakeTmp'
Building C object CMakeFiles/cmTC_a8843.dir/CheckFunctionExists.c.o
/usr/bin/newclang    -Wall -Wstrict-prototypes -std=c99 -Wmissing-prototypes -Wpointer-arith -Wreturn-type -Wcast-qual -Wwrite-strings -Wswitch -Wshadow -Wunused-parameter -Wcast-align -Wchar-subscripts -Winline -Wnested-externs -Wredundant-decls -Wold-style-definition -fPIC -DCHECK_FUNCTION_EXISTS=pthread_create   -o CMakeFiles/cmTC_a8843.dir/CheckFunctionExists.c.o   -c /usr/share/cmake-3.5/Modules/CheckFunctionExists.c
/usr/share/cmake-3.5/Modules/CheckFunctionExists.c:6:27: warning: this function declaration is not a prototype [-Wstrict-prototypes]
char CHECK_FUNCTION_EXISTS();
                          ^
                           void
1 warning generated.
Linking C executable cmTC_a8843
/usr/bin/cmake -E cmake_link_script CMakeFiles/cmTC_a8843.dir/link.txt --verbose=1
/usr/bin/newclang   -Wall -Wstrict-prototypes -std=c99 -Wmissing-prototypes -Wpointer-arith -Wreturn-type -Wcast-qual -Wwrite-strings -Wswitch -Wshadow -Wunused-parameter -Wcast-align -Wchar-subscripts -Winline -Wnested-externs -Wredundant-decls -Wold-style-definition -fPIC -DCHECK_FUNCTION_EXISTS=pthread_create    CMakeFiles/cmTC_a8843.dir/CheckFunctionExists.c.o  -o cmTC_a8843 -rdynamic -lpthreads 
/usr/bin/ld: cannot find -lpthreads
clang-6.0: error: linker command failed with exit code 1 (use -v to see invocation)
CMakeFiles/cmTC_a8843.dir/build.make:97: recipe for target 'cmTC_a8843' failed
make[1]: *** [cmTC_a8843] Error 1
make[1]: Leaving directory '/home/daniele/tesla/tesla-static-analysis/CMakeFiles/CMakeTmp'
Makefile:126: recipe for target 'cmTC_a8843/fast' failed
make: *** [cmTC_a8843/fast] Error 2


Performing C++ SOURCE FILE Test CXX_SUPPORTS_FPIC failed with the following output:
Change Dir: /home/daniele/tesla/tesla-static-analysis/CMakeFiles/CMakeTmp

Run Build Command:"/usr/bin/make" "cmTC_141c0/fast"
/usr/bin/make -f CMakeFiles/cmTC_141c0.dir/build.make CMakeFiles/cmTC_141c0.dir/build
make[1]: Entering directory '/home/daniele/tesla/tesla-static-analysis/CMakeFiles/CMakeTmp'
Building CXX object CMakeFiles/cmTC_141c0.dir/src.cxx.o
/usr/bin/newclang++     -std=c++14 -pthread -ltinfo -fPIC -DCXX_SUPPORTS_FPIC   -Werror -fPIC -o CMakeFiles/cmTC_141c0.dir/src.cxx.o -c /home/daniele/tesla/tesla-static-analysis/CMakeFiles/CMakeTmp/src.cxx
clang-6.0: error: -ltinfo: 'linker' input unused [-Werror,-Wunused-command-line-argument]
CMakeFiles/cmTC_141c0.dir/build.make:65: recipe for target 'CMakeFiles/cmTC_141c0.dir/src.cxx.o' failed
make[1]: *** [CMakeFiles/cmTC_141c0.dir/src.cxx.o] Error 1
make[1]: Leaving directory '/home/daniele/tesla/tesla-static-analysis/CMakeFiles/CMakeTmp'
Makefile:126: recipe for target 'cmTC_141c0/fast' failed
make: *** [cmTC_141c0/fast] Error 2

Source file was:
int main() { return 0; }
Performing C++ SOURCE FILE Test CXX_SUPPORTS_WERROR_DATE_TIME failed with the following output:
Change Dir: /home/daniele/tesla/tesla-static-analysis/CMakeFiles/CMakeTmp

Run Build Command:"/usr/bin/make" "cmTC_27bda/fast"
/usr/bin/make -f CMakeFiles/cmTC_27bda.dir/build.make CMakeFiles/cmTC_27bda.dir/build
make[1]: Entering directory '/home/daniele/tesla/tesla-static-analysis/CMakeFiles/CMakeTmp'
Building CXX object CMakeFiles/cmTC_27bda.dir/src.cxx.o
/usr/bin/newclang++     -std=c++14 -pthread -ltinfo -fPIC -fvisibility-inlines-hidden -DCXX_SUPPORTS_WERROR_DATE_TIME   -Werror -Werror=date-time -o CMakeFiles/cmTC_27bda.dir/src.cxx.o -c /home/daniele/tesla/tesla-static-analysis/CMakeFiles/CMakeTmp/src.cxx
clang-6.0: error: -ltinfo: 'linker' input unused [-Werror,-Wunused-command-line-argument]
CMakeFiles/cmTC_27bda.dir/build.make:65: recipe for target 'CMakeFiles/cmTC_27bda.dir/src.cxx.o' failed
make[1]: *** [CMakeFiles/cmTC_27bda.dir/src.cxx.o] Error 1
make[1]: Leaving directory '/home/daniele/tesla/tesla-static-analysis/CMakeFiles/CMakeTmp'
Makefile:126: recipe for target 'cmTC_27bda/fast' failed
make: *** [cmTC_27bda/fast] Error 2

Source file was:
int main() { return 0; }
Performing C++ SOURCE FILE Test CXX_SUPPORTS_WERROR_UNGUARDED_AVAILABILITY_NEW failed with the following output:
Change Dir: /home/daniele/tesla/tesla-static-analysis/CMakeFiles/CMakeTmp

Run Build Command:"/usr/bin/make" "cmTC_1c272/fast"
/usr/bin/make -f CMakeFiles/cmTC_1c272.dir/build.make CMakeFiles/cmTC_1c272.dir/build
make[1]: Entering directory '/home/daniele/tesla/tesla-static-analysis/CMakeFiles/CMakeTmp'
Building CXX object CMakeFiles/cmTC_1c272.dir/src.cxx.o
/usr/bin/newclang++     -std=c++14 -pthread -ltinfo -fPIC -fvisibility-inlines-hidden -DCXX_SUPPORTS_WERROR_UNGUARDED_AVAILABILITY_NEW   -Werror -Werror=unguarded-availability-new -o CMakeFiles/cmTC_1c272.dir/src.cxx.o -c /home/daniele/tesla/tesla-static-analysis/CMakeFiles/CMakeTmp/src.cxx
clang-6.0: error: -ltinfo: 'linker' input unused [-Werror,-Wunused-command-line-argument]
CMakeFiles/cmTC_1c272.dir/build.make:65: recipe for target 'CMakeFiles/cmTC_1c272.dir/src.cxx.o' failed
make[1]: *** [CMakeFiles/cmTC_1c272.dir/src.cxx.o] Error 1
make[1]: Leaving directory '/home/daniele/tesla/tesla-static-analysis/CMakeFiles/CMakeTmp'
Makefile:126: recipe for target 'cmTC_1c272/fast' failed
make: *** [cmTC_1c272/fast] Error 2

Source file was:
int main() { return 0; }
